Erro: Session nome usuario em branco. - 11/02/2015 16:47 - Browser: Chrome 40.0 --- Login - Authenticate: Impossível conectar-se ao servidor remoto
Erro: Session nome usuario em branco. - 11/02/2015 16:50 - Browser: Chrome 40.0 --- Login - Authenticate: Impossível conectar-se ao servidor remoto
Erro: Session nome usuario em branco. - 11/02/2015 16:53 - Browser: Chrome 40.0 --- Login - Authenticate: Impossível conectar-se ao servidor remoto
Erro: Session nome usuario em branco. - 11/02/2015 16:53 - Browser: Chrome 40.0 --- Login - Authenticate: Impossível conectar-se ao servidor remoto
Erro: Session nome usuario em branco. - 11/02/2015 16:54 - Browser: Chrome 40.0 --- Login - Authenticate: Impossível conectar-se ao servidor remoto
Erro: Session nome usuario em branco. - 14/02/2015 11:10 - Browser: Chrome 40.0 --- DetalheAtendimento - Page_load: Referência de objeto não definida para uma instância de um objeto.
Erro: WEBINTERCARE - 14/02/2015 12:24 - Browser: InternetExplorer 11.0 --- DetalheAtendimento - Page_load: Referência de objeto não definida para uma instância de um objeto.
Erro: WEBINTERCARE - 14/02/2015 12:35 - Browser: InternetExplorer 11.0 --- DetalheAtendimento - Page_load: Referência de objeto não definida para uma instância de um objeto.
Erro: WEBINTERCARE - 14/02/2015 13:46 - Browser: InternetExplorer 11.0 --- DetalheAtendimento - Page_load: Referência de objeto não definida para uma instância de um objeto.
Erro: WEBINTERCARE - 14/02/2015 17:15 - Browser: InternetExplorer 11.0 --- DetalheAtendimento - Page_load: Referência de objeto não definida para uma instância de um objeto.
Erro: WEBINTERCARE - 16/02/2015 11:11 - Browser: InternetExplorer 11.0 --- DetalheAtendimento - btnAlterar_click: Referência de objeto não definida para uma instância de um objeto.
Erro: Session nome usuario em branco. - 16/02/2015 11:58 - Browser: InternetExplorer 11.0 --- Login - Authenticate: Impossível conectar-se ao servidor remoto
Erro: WEBINTERCARE - 16/02/2015 12:10 - Browser: InternetExplorer 11.0 --- DetalheAtendimento - Page_load: Não foi possível carregar o tipo 'System.Type' do assembly 'OrdemServico, Version=1.0.0.0, Culture=neutral, PublicKeyToken=null' devido a uma incompatibilidade de tipo de valor.
Erro: WEBINTERCARE - 16/02/2015 12:12 - Browser: InternetExplorer 11.0 --- DetalheAtendimento - Page_load: Não foi possível carregar o tipo 'System.Type' do assembly 'OrdemServico, Version=1.0.0.0, Culture=neutral, PublicKeyToken=null' devido a uma incompatibilidade de tipo de valor.
Erro: WEBINTERCARE - 16/02/2015 12:21 - Browser: InternetExplorer 11.0 --- DetalheAtendimento - Page_load: Não foi possível carregar o tipo 'System.Type' do assembly 'OrdemServico, Version=1.0.0.0, Culture=neutral, PublicKeyToken=null' devido a uma incompatibilidade de tipo de valor.
Erro: Session nome usuario em branco. - 16/02/2015 12:22 - Browser: InternetExplorer 11.0 --- DetalheAtendimento - Page_load: Referência de objeto não definida para uma instância de um objeto.
Erro: WEBINTERCARE - 16/02/2015 13:13 - Browser: InternetExplorer 11.0 --- Erro ao consultar parametros de envio de e-mail: O tempo limite da operação foi atingido
Erro: Session nome usuario em branco. - 16/02/2015 15:57 - Browser: InternetExplorer 11.0 --- Login - Authenticate: A conexão subjacente estava fechada: Erro inesperado em um recebimento.
Erro: WEBINTERCARE - 16/02/2015 16:54 - Browser: InternetExplorer 11.0 --- Erro ao consultar parametros de envio de e-mail: A conexão subjacente estava fechada: Erro inesperado em um recebimento.
Erro: WEBINTERCARE - 16/02/2015 16:59 - Browser: InternetExplorer 11.0 --- DetalheAtendimento - btnAlterar_click: Referência de objeto não definida para uma instância de um objeto.
Erro: WEBINTERCARE - 16/02/2015 17:18 - Browser: InternetExplorer 11.0 --- DetalheAtendimento - btnAlterar_click: Referência de objeto não definida para uma instância de um objeto.
Erro: Session nome usuario em branco. - 18/02/2015 21:39 - Browser: InternetExplorer 11.0 --- Login - Authenticate: Impossível conectar-se ao servidor remoto
Erro: Session nome usuario em branco. - 18/02/2015 21:40 - Browser: InternetExplorer 11.0 --- Login - Authenticate: Impossível conectar-se ao servidor remoto
Erro: Session nome usuario em branco. - 21/02/2015 12:31 - Browser: InternetExplorer 11.0 --- DetalheOrdemServico - Page_load: Referência de objeto não definida para uma instância de um objeto.
Erro: Session nome usuario em branco. - 21/02/2015 13:00 - Browser: InternetExplorer 11.0 --- DetalheOrdemServico - Page_load: Referência de objeto não definida para uma instância de um objeto.
Erro: WEBSALMAR - 24/02/2015 16:05 - Browser: InternetExplorer 11.0 --- Erro ao consultar parametros de envio de e-mail: Impossível conectar-se ao servidor remoto
Erro: WEBSALMAR - 24/02/2015 16:26 - Browser: InternetExplorer 11.0 --- DetalheOrdemServico - GravarOS: A conexão subjacente estava fechada: Erro inesperado em um recebimento.
Erro: WEBBIOCARE - 05/03/2015 17:13 - Browser: InternetExplorer 11.0 --- Erro ao consultar parametros de envio de e-mail: A conexão subjacente estava fechada: Erro inesperado em um recebimento.
Erro: WEBBIOCARE - 05/03/2015 17:20 - Browser: InternetExplorer 11.0 --- DetalheAtendimento - Page_load: A coluna 'DataEmissaoItemOS' não pertence à tabela .
Erro: WEBBIOCARE - 05/03/2015 17:24 - Browser: InternetExplorer 11.0 --- DetalheAtendimento - Page_load: A coluna 'DataEmissaoItemOS' não pertence à tabela .
Erro: WEBBIOCARE - 05/03/2015 17:28 - Browser: InternetExplorer 11.0 --- DetalheAtendimento - Page_load: DataBinding: 'System.Data.DataRowView' não contém uma propriedade com o nome 'Item'.
Erro: WEBBIOCARE - 05/03/2015 17:36 - Browser: InternetExplorer 11.0 --- DetalheAtendimento - Page_load: DataBinding: 'System.Data.DataRowView' não contém uma propriedade com o nome 'Item'.
Erro: WEBBIOCARE - 05/03/2015 17:36 - Browser: InternetExplorer 11.0 --- DetalheAtendimento - Page_load: Coluna 'ITEM' é somente leitura.
Erro: WEBBIOCARE - 05/03/2015 17:56 - Browser: InternetExplorer 11.0 --- DetalheAtendimento - Page_load: Coluna 'ITEM' é somente leitura.
Erro: WEBBIOCARE - 05/03/2015 18:27 - Browser: InternetExplorer 11.0 --- Erro ao consultar parametros de envio de e-mail: A conexão subjacente estava fechada: Erro inesperado em um recebimento.
Erro: WEBBIOCARE - 05/03/2015 18:31 - Browser: InternetExplorer 11.0 --- DetalheAtendimento - Page_load: DataBinding: 'System.Data.DataRowView' não contém uma propriedade com o nome 'NumeroOS'.
Erro: WEBBIOCARE - 05/03/2015 18:41 - Browser: InternetExplorer 11.0 --- DetalheAtendimento - Page_load: A coluna 'Item' não pertence à tabela .
Erro: WEBBIOCARE - 05/03/2015 18:43 - Browser: InternetExplorer 11.0 --- ImpressaoAtendimento - Page_load: Não é possível encontrar a coluna [D_E_L_E_T_].
Erro: WEBBIOCARE - 05/03/2015 18:45 - Browser: InternetExplorer 11.0 --- DetalheAtendimento - Page_load: A coluna 'Item' não pertence à tabela .
Erro: WEBBIOCARE - 05/03/2015 18:55 - Browser: InternetExplorer 11.0 --- DetalheAtendimento - Page_load: A coluna 'Item' não pertence à tabela .
Erro: WEBBIOCARE - 05/03/2015 18:58 - Browser: InternetExplorer 11.0 --- DetalheAtendimento - btnAlterar_click: A coluna 'Item' não pertence à tabela Table1.
Erro: WEBBIOCARE - 11/03/2015 20:51 - Browser: InternetExplorer 11.0 --- DetalheAtendimento - Page_load: A coluna 'DataEmissaoItemOS' não pertence à tabela .
Erro: WEBBIOCARE - 11/03/2015 21:22 - Browser: InternetExplorer 11.0 --- DetalheAtendimento - Page_load: Há muito argumentos especificados para o procedimento ou a função PR_LISTAR_ITENS_ATENDIMENTOOS.
Erro: WEBBIOCARE - 11/03/2015 21:36 - Browser: InternetExplorer 11.0 --- DetalheAtendimento - Page_load: Ocorreu um erro no nível de transporte durante o recebimento de resultados do servidor. (provider: TCP Provider, error: 0 - Foi forçado o cancelamento de uma conexão existente pelo host remoto.)
Erro: WEBBIOCARE - 11/03/2015 22:03 - Browser: InternetExplorer 11.0 --- DetalheAtendimento - Page_load: Erro de rede ou específico à instância ao estabelecer conexão com o SQL Server. O servidor não foi encontrado ou não estava acessível. Verifique se o nome da instância está correto e se o SQL Server está configurado para permitir conexões remotas. (provider: Named Pipes Provider, error: 40 - Não foi possível abrir uma conexão com o SQL Server)
Erro: Session nome usuario em branco. - 11/03/2015 22:19 - Browser: InternetExplorer 11.0 --- Login - Authenticate: Impossível conectar-se ao servidor remoto
Erro: WEBBIOCARE - 11/03/2015 22:22 - Browser: InternetExplorer 11.0 --- DetalheAtendimento - Page_load: Não foi possível encontrar o procedimento armazenado 'PR_LISTAR_CAB_ATENDIMENTOOS'.
Erro: Session nome usuario em branco. - 13/03/2015 09:26 - Browser: InternetExplorer 11.0 --- Login - Authenticate: Impossível conectar-se ao servidor remoto
Erro: WEBINTERHELP - 13/03/2015 09:29 - Browser: InternetExplorer 11.0 --- DetalheAtendimento - Page_load: Não há linha na posição 0.
Erro: WEBINTERHELP - 13/03/2015 09:35 - Browser: InternetExplorer 11.0 --- DetalheAtendimento - Page_load: Não há linha na posição 0.
Erro: WEBINTERHELP - 13/03/2015 09:36 - Browser: InternetExplorer 11.0 --- DetalheAtendimento - Page_load: Common Language Runtime detectou um programa inválido.
Erro: WEBINTERHELP - 13/03/2015 09:45 - Browser: InternetExplorer 11.0 --- DetalheAtendimento - Page_load: Não há linha na posição 0.
Erro: Session nome usuario em branco. - 17/03/2015 10:23 - Browser: InternetExplorer 11.0 --- Login - Authenticate: O tempo limite da operação foi atingido
Erro: Session nome usuario em branco. - 17/03/2015 10:26 - Browser: InternetExplorer 11.0 --- Login - Authenticate: A solicitação foi anulada: O tempo limite da operação foi atingido.
Erro: Session nome usuario em branco. - 17/03/2015 10:29 - Browser: InternetExplorer 11.0 --- Login - Authenticate: O tempo limite da operação foi atingido
Erro: Session nome usuario em branco. - 17/03/2015 10:45 - Browser: InternetExplorer 11.0 --- Login - Authenticate: O tempo limite da operação foi atingido
